2025-03-01 14:46:10,685 - drug_discovery_pipeline - INFO - ACTION: File_Load - Loaded 6JWS.pdb
2025-03-01 14:46:18,991 - drug_discovery_pipeline - INFO - ACTION: File_Load - Loaded 6JWS.pdb
2025-03-01 14:46:33,384 - drug_discovery_pipeline - INFO - ACTION: File_Load - Loaded 6JWS.pdb
2025-03-01 14:48:53,380 - drug_discovery_pipeline - ERROR - PDB download failed: 504
2025-03-01 14:50:43,361 - drug_discovery_pipeline - ERROR - PDB download failed: 504
2025-03-01 14:51:05,325 - drug_discovery_pipeline - INFO - ACTION: File_Load - Loaded 6JWS.pdb
2025-03-01 14:51:13,305 - drug_discovery_pipeline - INFO - ACTION: File_Load - Loaded 6JWS.pdb
2025-03-01 14:51:19,432 - drug_discovery_pipeline - INFO - ACTION: File_Load - Loaded 6JWS.pdb
2025-03-01 14:51:31,026 - drug_discovery_pipeline - INFO - ACTION: File_Load - Loaded 6JWS.pdb
2025-03-01 14:51:36,258 - drug_discovery_pipeline - INFO - ACTION: File_Load - Loaded 6JWS.pdb
2025-03-01 14:51:51,151 - drug_discovery_pipeline - INFO - ACTION: File_Load - Loaded 6JWS.pdb
2025-03-01 14:51:51,199 - drug_discovery_pipeline - INFO - ACTION: File_Export - Exported 6JWS_pockets.csv
2025-03-01 14:51:51,323 - drug_discovery_pipeline - INFO - ACTION: File_Export - Exported 6JWS_pocket_P_ATP_A_residues.csv
2025-03-01 14:52:24,188 - drug_discovery_pipeline - INFO - ACTION: File_Load - Loaded 6JWS.pdb
2025-03-01 14:52:24,214 - drug_discovery_pipeline - INFO - ACTION: File_Export - Exported 6JWS_pockets.csv
2025-03-01 14:52:24,292 - drug_discovery_pipeline - INFO - ACTION: File_Export - Exported 6JWS_pocket_P_PT1_A_residues.csv
2025-03-01 14:53:03,178 - drug_discovery_pipeline - INFO - ACTION: File_Load - Loaded 6JWS.pdb
2025-03-01 14:53:03,204 - drug_discovery_pipeline - INFO - ACTION: File_Export - Exported 6JWS_pockets.csv
2025-03-01 14:53:03,278 - drug_discovery_pipeline - INFO - ACTION: File_Export - Exported 6JWS_pocket_P_PT1_A_residues.csv
2025-03-01 14:53:03,641 - drug_discovery_pipeline - INFO - ACTION: File_Load - Loaded 6JWS.pdb
2025-03-01 14:53:03,666 - drug_discovery_pipeline - INFO - ACTION: File_Export - Exported 6JWS_pockets.csv
2025-03-01 14:53:03,742 - drug_discovery_pipeline - INFO - ACTION: File_Export - Exported 6JWS_pocket_P_PT1_A_residues.csv
2025-03-01 14:53:05,739 - drug_discovery_pipeline - INFO - ACTION: File_Load - Loaded 6JWS.pdb
2025-03-01 14:53:05,765 - drug_discovery_pipeline - INFO - ACTION: File_Export - Exported 6JWS_pockets.csv
2025-03-01 14:53:05,841 - drug_discovery_pipeline - INFO - ACTION: File_Export - Exported 6JWS_pocket_P_PT1_A_residues.csv
2025-03-01 14:53:10,069 - drug_discovery_pipeline - INFO - ACTION: File_Load - Loaded 6JWS.pdb
2025-03-01 14:53:10,095 - drug_discovery_pipeline - INFO - ACTION: File_Export - Exported 6JWS_pockets.csv
2025-03-01 14:53:10,170 - drug_discovery_pipeline - INFO - ACTION: File_Export - Exported 6JWS_pocket_P_PT1_A_residues.csv
2025-03-01 14:53:11,720 - drug_discovery_pipeline - INFO - ACTION: File_Load - Loaded 6JWS.pdb
2025-03-01 14:53:11,764 - drug_discovery_pipeline - INFO - ACTION: File_Export - Exported 6JWS_pockets.csv
2025-03-01 14:53:11,835 - drug_discovery_pipeline - INFO - ACTION: File_Export - Exported 6JWS_pocket_P_PT1_A_residues.csv
2025-03-01 14:53:14,465 - drug_discovery_pipeline - INFO - ACTION: File_Load - Loaded 6JWS.pdb
2025-03-01 14:53:14,488 - drug_discovery_pipeline - INFO - ACTION: File_Export - Exported 6JWS_pockets.csv
2025-03-01 14:53:14,561 - drug_discovery_pipeline - INFO - ACTION: File_Export - Exported 6JWS_pocket_P_PT1_A_residues.csv
2025-03-01 14:54:16,024 - drug_discovery_pipeline - INFO - ACTION: File_Load - Loaded 6JWS.pdb
2025-03-01 14:54:16,051 - drug_discovery_pipeline - INFO - ACTION: File_Export - Exported 6JWS_pockets.csv
2025-03-01 14:54:16,128 - drug_discovery_pipeline - INFO - ACTION: File_Export - Exported 6JWS_pocket_P_PT1_A_residues.csv
2025-03-01 14:58:56,247 - drug_discovery_pipeline - INFO - ACTION: File_Load - Loaded 6JWS.pdb
2025-03-01 14:59:11,602 - drug_discovery_pipeline - INFO - ACTION: File_Load - Loaded 6JWS.pdb
2025-03-01 14:59:11,626 - drug_discovery_pipeline - INFO - ACTION: File_Export - Exported 6JWS_pockets.csv
2025-03-01 14:59:11,703 - drug_discovery_pipeline - INFO - ACTION: File_Export - Exported 6JWS_pocket_P_ATP_A_residues.csv
2025-03-01 14:59:19,986 - drug_discovery_pipeline - INFO - ACTION: File_Load - Loaded 6JWS.pdb
2025-03-01 14:59:20,009 - drug_discovery_pipeline - INFO - ACTION: File_Export - Exported 6JWS_pockets.csv
2025-03-01 14:59:20,083 - drug_discovery_pipeline - INFO - ACTION: File_Export - Exported 6JWS_pocket_P_ATP_A_residues.csv
2025-03-01 14:59:22,013 - drug_discovery_pipeline - INFO - ACTION: File_Load - Loaded 6JWS.pdb
2025-03-01 14:59:22,038 - drug_discovery_pipeline - INFO - ACTION: File_Export - Exported 6JWS_pockets.csv
2025-03-01 14:59:22,113 - drug_discovery_pipeline - INFO - ACTION: File_Export - Exported 6JWS_pocket_P_ATP_A_residues.csv
2025-03-01 14:59:25,326 - drug_discovery_pipeline - INFO - ACTION: File_Load - Loaded 6JWS.pdb
2025-03-01 14:59:25,351 - drug_discovery_pipeline - INFO - ACTION: File_Export - Exported 6JWS_pockets.csv
2025-03-01 14:59:25,426 - drug_discovery_pipeline - INFO - ACTION: File_Export - Exported 6JWS_pocket_P_ATP_A_residues.csv
2025-03-01 14:59:25,474 - drug_discovery_pipeline - INFO - ACTION: Pharmacophore_Generation - Created model 6JWS_P_ATP_A
2025-03-01 14:59:25,489 - drug_discovery_pipeline - INFO - ACTION: File_Export - Exported 6JWS_P_ATP_A_pharmacophore.json
2025-03-01 14:59:25,496 - drug_discovery_pipeline - INFO - ACTION: File_Export - Exported 6JWS_P_ATP_A_pharmacophore.sdf
2025-03-01 15:00:09,011 - drug_discovery_pipeline - INFO - ACTION: File_Load - Loaded 6JWS.pdb
2025-03-01 15:00:09,033 - drug_discovery_pipeline - INFO - ACTION: File_Export - Exported 6JWS_pockets.csv
2025-03-01 15:00:09,113 - drug_discovery_pipeline - INFO - ACTION: File_Export - Exported 6JWS_pocket_P_ATP_A_residues.csv
2025-03-01 15:00:32,947 - drug_discovery_pipeline - INFO - ACTION: File_Load - Loaded 6JWS.pdb
2025-03-01 15:00:32,970 - drug_discovery_pipeline - INFO - ACTION: File_Export - Exported 6JWS_pockets.csv
2025-03-01 15:00:33,041 - drug_discovery_pipeline - INFO - ACTION: File_Export - Exported 6JWS_pocket_P_ATP_A_residues.csv
2025-03-01 15:01:09,185 - drug_discovery_pipeline - INFO - ACTION: File_Load - Loaded 6JWS.pdb
2025-03-01 15:01:09,210 - drug_discovery_pipeline - INFO - ACTION: File_Export - Exported 6JWS_pockets.csv
2025-03-01 15:01:09,286 - drug_discovery_pipeline - INFO - ACTION: File_Export - Exported 6JWS_pocket_P_ATP_A_residues.csv
2025-03-01 15:01:09,488 - drug_discovery_pipeline - INFO - ACTION: File_Load - Loaded 6JWS.pdb
2025-03-01 15:01:09,512 - drug_discovery_pipeline - INFO - ACTION: File_Export - Exported 6JWS_pockets.csv
2025-03-01 15:01:09,581 - drug_discovery_pipeline - INFO - ACTION: File_Export - Exported 6JWS_pocket_P_ATP_A_residues.csv
