2025-02-28 18:34:04,257 - INFO - Created Vina config:

receptor = receptor.pdbqt
ligand = ligand.pdbqt
center_x = 8.397
center_y = 80.929
center_z = 43.143
size_x = 132.992
size_y = 99.105
size_z = 99.683
exhaustiveness = 4
num_modes = 5
energy_range = 2
cpu = 3

2025-02-28 18:36:45,163 - WARNING - Interaction analysis failed: type object 'Molecule' has no attribute 'from_mol2'
2025-02-28 18:46:16,842 - INFO - Created Vina config:

receptor = receptor.pdbqt
ligand = ligand.pdbqt
center_x = 8.397
center_y = 80.929
center_z = 43.143
size_x = 132.992
size_y = 99.105
size_z = 99.683
exhaustiveness = 4
num_modes = 5
energy_range = 2
cpu = 3

2025-02-28 18:48:53,314 - WARNING - Interaction analysis failed for ligand 0: type object 'Molecule' has no attribute 'from_pdb'
2025-02-28 19:03:18,338 - INFO - Created Vina config:

receptor = receptor.pdbqt
ligand = ligand.pdbqt
center_x = 8.397
center_y = 80.929
center_z = 43.143
size_x = 132.992
size_y = 99.105
size_z = 99.683
exhaustiveness = 4
num_modes = 5
energy_range = 2
cpu = 3

2025-02-28 19:05:56,312 - WARNING - Interaction analysis failed for ligand 0: type object 'Molecule' has no attribute 'from_pdb'
2025-02-28 19:11:23,906 - INFO - Created Vina config:

receptor = receptor.pdbqt
ligand = ligand.pdbqt
center_x = 0.000
center_y = 0.000
center_z = 0.000
size_x = 20.000
size_y = 20.000
size_z = 20.000
exhaustiveness = 4
num_modes = 5
energy_range = 2
cpu = 3

2025-02-28 19:11:33,641 - WARNING - Interaction analysis failed for ligand 0: type object 'Molecule' has no attribute 'from_pdb'
2025-02-28 19:25:01,067 - INFO - Created Vina config:

receptor = receptor.pdbqt
ligand = ligand.pdbqt
center_x = 8.397
center_y = 80.929
center_z = 43.143
size_x = 132.992
size_y = 99.105
size_z = 99.683
exhaustiveness = 4
num_modes = 5
energy_range = 2
cpu = 3

2025-02-28 19:25:33,660 - WARNING - Interaction analysis failed for ligand 0: type object 'Molecule' has no attribute 'from_pdb'
2025-02-28 19:53:31,334 - INFO - Created Vina config:

receptor = receptor.pdbqt
ligand = ligand.pdbqt
center_x = 8.397
center_y = 80.929
center_z = 43.143
size_x = 132.992
size_y = 99.105
size_z = 99.683
exhaustiveness = 4
num_modes = 5
energy_range = 2
cpu = 3

2025-02-28 20:02:00,499 - INFO - Created Vina config:

receptor = receptor.pdbqt
ligand = ligand.pdbqt
center_x = 8.397
center_y = 80.929
center_z = 43.143
size_x = 132.992
size_y = 99.105
size_z = 99.683
exhaustiveness = 4
num_modes = 5
energy_range = 2
cpu = 3

2025-02-28 20:02:34,132 - WARNING - Interaction analysis failed for ligand 0: Fingerprint.run() missing 1 required positional argument: 'prot'
2025-02-28 20:08:43,590 - INFO - Created Vina config:

receptor = receptor.pdbqt
ligand = ligand.pdbqt
center_x = 8.397
center_y = 80.929
center_z = 43.143
size_x = 132.992
size_y = 99.105
size_z = 99.683
exhaustiveness = 4
num_modes = 5
energy_range = 2
cpu = 3

2025-02-28 20:09:17,754 - WARNING - Interaction analysis failed for ligand 0: 'Fingerprint' object has no attribute 'run_from_mol'
2025-02-28 20:14:01,970 - INFO - 'PUGREST.NotFound: No CID found that matches the given name'
2025-02-28 20:14:33,304 - INFO - DiffDock returned 0 poses for ligand 0
